c:\users\mihan\source\repos\hello_window\_build_glad\glad.dir\debug\vc141.pdb
c:\users\mihan\source\repos\hello_window\_build_glad\glad.dir\debug\glad.obj
d:\projects\_build_glad\cmakefiles\generate.stamp
d:\projects\_build_glad\src\glad.c
d:\projects\_build_glad\include\glad\glad.h
c:\users\mihan\source\repos\hello_window\_build\debug\glad.ilk
c:\users\mihan\source\repos\hello_window\_build\debug\glad.dll
c:\users\mihan\source\repos\hello_window\_build\debug\glad.pdb
c:\users\mihan\source\repos\hello_window\\_build\debug\glad.pdb
c:\users\mihan\source\repos\hello_window\\_build\debug\glad.dll
c:\users\mihan\source\repos\hello_window\\_build\debug\glad.ilk
c:\users\mihan\source\repos\hello_window\_build_glad\glad.dir\debug\glad.tlog\cl.command.1.tlog
c:\users\mihan\source\repos\hello_window\_build_glad\glad.dir\debug\glad.tlog\cl.read.1.tlog
c:\users\mihan\source\repos\hello_window\_build_glad\glad.dir\debug\glad.tlog\cl.write.1.tlog
c:\users\mihan\source\repos\hello_window\_build_glad\glad.dir\debug\glad.tlog\custombuild.command.1.tlog
c:\users\mihan\source\repos\hello_window\_build_glad\glad.dir\debug\glad.tlog\custombuild.read.1.tlog
c:\users\mihan\source\repos\hello_window\_build_glad\glad.dir\debug\glad.tlog\custombuild.write.1.tlog
c:\users\mihan\source\repos\hello_window\_build_glad\glad.dir\debug\glad.tlog\link.command.1.tlog
c:\users\mihan\source\repos\hello_window\_build_glad\glad.dir\debug\glad.tlog\link.read.1.tlog
c:\users\mihan\source\repos\hello_window\_build_glad\glad.dir\debug\glad.tlog\link.write.1.tlog
