  Building Custom Rule D:/Projects/glfw/src/CMakeLists.txt
  CMake does not need to re-run because D:/Projects/_build_glfw/src/CMakeFiles/generate.stamp is up-to-date.
  context.c
  init.c
  input.c
  monitor.c
  vulkan.c
  window.c
  win32_init.c
  win32_joystick.c
  win32_monitor.c
  win32_time.c
  win32_thread.c
  win32_window.c
  wgl_context.c
  egl_context.c
  osmesa_context.c
  Создание кода...
     Создается библиотека D:/Projects/_build_glfw/src/Debug/glfw3dll.lib и объект D:/Projects/_build_glfw/src/Debug/glfw3dll.exp
  glfw.vcxproj -> C:\Users\mihan\source\repos\hello_window\\_build\Debug\glfw3.dll
