c:\users\mihan\source\repos\hello_window\_build_glfw\src\glfw.dir\debug\vc141.pdb
c:\users\mihan\source\repos\hello_window\_build_glfw\src\glfw.dir\debug\glfw3_wrap.obj
c:\users\mihan\source\repos\hello_window\_build_glfw\src\glfw.dir\debug\osmesa_context.obj
c:\users\mihan\source\repos\hello_window\_build_glfw\src\glfw.dir\debug\egl_context.obj
c:\users\mihan\source\repos\hello_window\_build_glfw\src\glfw.dir\debug\wgl_context.obj
c:\users\mihan\source\repos\hello_window\_build_glfw\src\glfw.dir\debug\win32_window.obj
c:\users\mihan\source\repos\hello_window\_build_glfw\src\glfw.dir\debug\win32_thread.obj
c:\users\mihan\source\repos\hello_window\_build_glfw\src\glfw.dir\debug\win32_time.obj
c:\users\mihan\source\repos\hello_window\_build_glfw\src\glfw.dir\debug\win32_monitor.obj
c:\users\mihan\source\repos\hello_window\_build_glfw\src\glfw.dir\debug\win32_joystick.obj
c:\users\mihan\source\repos\hello_window\_build_glfw\src\glfw.dir\debug\win32_init.obj
c:\users\mihan\source\repos\hello_window\_build_glfw\src\glfw.dir\debug\window.obj
c:\users\mihan\source\repos\hello_window\_build_glfw\src\glfw.dir\debug\vulkan.obj
c:\users\mihan\source\repos\hello_window\_build_glfw\src\glfw.dir\debug\monitor.obj
c:\users\mihan\source\repos\hello_window\_build_glfw\src\glfw.dir\debug\input.obj
c:\users\mihan\source\repos\hello_window\_build_glfw\src\glfw.dir\debug\init.obj
c:\users\mihan\source\repos\hello_window\_build_glfw\src\glfw.dir\debug\context.obj
d:\projects\_build_glfw\src\cmakefiles\generate.stamp
c:\users\mihan\source\repos\hello_window\_build_glfw\src\glfw3_wrap.c
d:\projects\_build_glfw\src\debug\glfw3dll.lib
d:\projects\_build_glfw\src\debug\glfw3dll.exp
c:\users\mihan\source\repos\hello_window\_build\debug\glfw3.ilk
c:\users\mihan\source\repos\hello_window\_build\debug\glfw3.dll
d:\projects\_build_glfw\src\debug\glfw3.pdb
c:\users\mihan\source\repos\hello_window\\_build\debug\glfw3.dll
c:\users\mihan\source\repos\hello_window\\_build\debug\glfw3.ilk
c:\users\mihan\source\repos\hello_window\_build_glfw\src\glfw.dir\debug\glfw.tlog\cl.command.1.tlog
c:\users\mihan\source\repos\hello_window\_build_glfw\src\glfw.dir\debug\glfw.tlog\cl.read.1.tlog
c:\users\mihan\source\repos\hello_window\_build_glfw\src\glfw.dir\debug\glfw.tlog\cl.write.1.tlog
c:\users\mihan\source\repos\hello_window\_build_glfw\src\glfw.dir\debug\glfw.tlog\custombuild.command.1.tlog
c:\users\mihan\source\repos\hello_window\_build_glfw\src\glfw.dir\debug\glfw.tlog\custombuild.read.1.tlog
c:\users\mihan\source\repos\hello_window\_build_glfw\src\glfw.dir\debug\glfw.tlog\custombuild.write.1.tlog
c:\users\mihan\source\repos\hello_window\_build_glfw\src\glfw.dir\debug\glfw.tlog\glfw.write.1u.tlog
c:\users\mihan\source\repos\hello_window\_build_glfw\src\glfw.dir\debug\glfw.tlog\link.command.1.tlog
c:\users\mihan\source\repos\hello_window\_build_glfw\src\glfw.dir\debug\glfw.tlog\link.read.1.tlog
c:\users\mihan\source\repos\hello_window\_build_glfw\src\glfw.dir\debug\glfw.tlog\link.write.1.tlog
